Environment at start of build:
ALLUSERSPROFILE = C:\ProgramData
APPDATA = C:\Users\Sony\AppData\Roaming
CommonProgramFiles = C:\Program Files (x86)\Common Files
CommonProgramFiles(x86) = C:\Program Files (x86)\Common Files
CommonProgramW6432 = C:\Program Files\Common Files
COMPUTERNAME = DESKTOP-9KM8NKR
ComSpec = C:\Windows\system32\cmd.exe
FPS_BROWSER_APP_PROFILE_STRING = Internet Explorer
FPS_BROWSER_USER_PROFILE_STRING = Default
HOMEDRIVE = C:
HOMEPATH = \Users\Sony
LOCALAPPDATA = C:\Users\Sony\AppData\Local
LOGONSERVER = \\DESKTOP-9KM8NKR
MOZ_PLUGIN_PATH = C:\Program Files (x86)\Foxit Software\Foxit Reader\plugins\
MSBuildLoadMicrosoftTargetsReadOnly = true
NUMBER_OF_PROCESSORS = 4
OneDrive = C:\Users\Sony\OneDrive
OS = Windows_NT
Path = C:\ProgramData\Oracle\Java\javapath;C:\Windows\system32;C:\Windows;C:\Windows\System32\Wbem;C:\Windows\System32\WindowsPowerShell\v1.0\;C:\Program Files (x86)\NVIDIA Corporation\PhysX\Common;C:\Program Files (x86)\Windows Kits\8.1\Windows Performance Toolkit\;C:\Program Files\Git\cmd;C:\Program Files\nodejs\;C:\Program Files\Java\jdk1.8.0_121\bin;C:\Program Files\Heroku\bin;C:\Users\Sony\AppData\Roaming\npm
PATHEXT = .COM;.EXE;.BAT;.CMD;.VBS;.VBE;.JS;.JSE;.WSF;.WSH;.MSC
PkgDefApplicationConfigFile = C:\Users\Sony\AppData\Local\Microsoft\VisualStudio\14.0\devenv.exe.config
PROCESSOR_ARCHITECTURE = x86
PROCESSOR_ARCHITEW6432 = AMD64
PROCESSOR_IDENTIFIER = Intel64 Family 6 Model 42 Stepping 7, GenuineIntel
PROCESSOR_LEVEL = 6
PROCESSOR_REVISION = 2a07
ProgramData = C:\ProgramData
ProgramFiles = C:\Program Files (x86)
ProgramFiles(x86) = C:\Program Files (x86)
ProgramW6432 = C:\Program Files
PSModulePath = %ProgramFiles%\WindowsPowerShell\Modules;C:\Windows\system32\WindowsPowerShell\v1.0\Modules
PUBLIC = C:\Users\Public
SystemDrive = C:
SystemRoot = C:\Windows
TEMP = C:\Users\Sony\AppData\Local\Temp
TMP = C:\Users\Sony\AppData\Local\Temp
USERDOMAIN = DESKTOP-9KM8NKR
USERDOMAIN_ROAMINGPROFILE = DESKTOP-9KM8NKR
USERNAME = Sony
USERPROFILE = C:\Users\Sony
VBOX_MSI_INSTALL_PATH = C:\Program Files\Oracle\VirtualBox\
VisualStudioDir = C:\Users\Sony\Documents\Visual Studio 2015
VisualStudioEdition = Microsoft Visual Studio Community 2015
VisualStudioVersion = 14.0
VS140COMNTOOLS = C:\Program Files (x86)\Microsoft Visual Studio 14.0\Common7\Tools\
VSLANG = 1033
windir = C:\Windows

  Source.cpp
d:\datastructure\project\eslam\dictionary2 - copy\dictionary2\source.cpp(54): warning C4129: 'g': unrecognized character escape sequence
  dictionary2.vcxproj -> D:\dataStructure\project\Eslam\dictionary2 - Copy\Debug\dictionary2.exe

Project Performance Summary:
     1605 ms  D:\dataStructure\project\Eslam\dictionary2 - Copy\dictionary2\dictionary2.vcxproj   1 calls
               1605 ms  Build                                      1 calls

Target Performance Summary:
        0 ms  AfterBuild                                 1 calls
        0 ms  SelectClCompile                            1 calls
        0 ms  GetCopyToOutputDirectoryXamlAppDefs        1 calls
        0 ms  _CheckForCompileOutputs                    1 calls
        0 ms  _Manifest                                  1 calls
        0 ms  _SelectedFiles                             1 calls
        0 ms  PostBuildEvent                             1 calls
        0 ms  _Midl                                      1 calls
        0 ms  SelectCustomBuild                          1 calls
        0 ms  ResolveReferences                          1 calls
        0 ms  _ClCompile                                 1 calls
        0 ms  GetReferenceAssemblyPaths                  1 calls
        0 ms  CreateCustomManifestResourceNames          1 calls
        0 ms  ResolveAssemblyReferences                  1 calls
        0 ms  BeforeLink                                 1 calls
        0 ms  ComputeCLInputPDBName                      1 calls
        0 ms  AfterBuildCompileEvent                     1 calls
        0 ms  _BuildLinkAction                           1 calls
        0 ms  BeforeResourceCompile                      1 calls
        0 ms  FixupCLCompileOptions                      1 calls
        0 ms  AfterMidl                                  1 calls
        0 ms  ComputeManifestGeneratedLinkerInputs       1 calls
        0 ms  BuildCompileTraverse                       1 calls
        0 ms  BuildGenerateSources                       1 calls
        0 ms  _CopySourceItemsToOutputDirectory          1 calls
        0 ms  ComputeLinkImportLibraryOutputsForClean    1 calls
        0 ms  AfterResourceCompile                       1 calls
        0 ms  _Xsd                                       1 calls
        0 ms  ComputeCustomBuildOutput                   1 calls
        0 ms  MakeDirsForBscMake                         1 calls
        0 ms  _GenerateSatelliteAssemblyInputs           1 calls
        0 ms  ComputeCLCompileGeneratedXDCFiles          1 calls
        0 ms  MakeDirsForResourceCompile                 1 calls
        0 ms  ComputeLinkInputsFromProject               1 calls
        0 ms  Build                                      1 calls
        0 ms  _Link                                      1 calls
        0 ms  BuildLinkTraverse                          1 calls
        0 ms  ComputeManifestInputsTargets               1 calls
        0 ms  ComputeRCOutputs                           1 calls
        0 ms  _XdcMake                                   1 calls
        0 ms  ExpandSDKReferences                        1 calls
        0 ms  _ResourceCompile                           1 calls
        0 ms  PreLinkEvent                               1 calls
        0 ms  ComputeMIDLGeneratedCompileInputs          1 calls
        0 ms  _PrepareForReferenceResolution             1 calls
        0 ms  BuildLink                                  1 calls
        0 ms  BeforeClCompile                            1 calls
        0 ms  AfterResolveReferences                     1 calls
        0 ms  BeforeResolveReferences                    1 calls
        0 ms  ComputeCLGeneratedLinkInputs               1 calls
        0 ms  ComputeReferenceCLInput                    1 calls
        0 ms  AfterBuildGenerateSourcesEvent             1 calls
        0 ms  _Deploy                                    1 calls
        0 ms  MakeDirsForMidl                            1 calls
        0 ms  _BscMake                                   1 calls
        0 ms  _ALink                                     1 calls
        0 ms  _Appverifier                               1 calls
        0 ms  ResolveSDKReferences                       1 calls
        0 ms  _BuildGenerateSourcesAction                1 calls
        0 ms  PrepareForRun                              1 calls
        0 ms  PrepareResourceNames                       1 calls
        0 ms  ComputeCLCompileGeneratedSbrFiles          1 calls
        0 ms  PlatformPrepareForBuild                    1 calls
        0 ms  _SplitProjectReferencesByFileExistence     1 calls
        0 ms  ComputeRCGeneratedLinkInputs               1 calls
        0 ms  BuildCompile                               1 calls
        0 ms  BuildGenerateSourcesTraverse               1 calls
        0 ms  ResolvedXDCMake                            1 calls
        0 ms  _BuildCompileAction                        1 calls
        0 ms  BeforeBuildGenerateSources                 1 calls
        0 ms  AssignTargetPaths                          1 calls
        0 ms  AfterClCompile                             1 calls
        0 ms  MakeDirsForXdcMake                         1 calls
        0 ms  AfterLink                                  1 calls
        1 ms  FinalizeBuildStatus                        1 calls
        1 ms  ComputeLinkSwitches                        1 calls
        1 ms  ComputeLegacyManifestEmbedding             1 calls
        1 ms  MakeDirsForCl                              1 calls
        1 ms  ComputeCLOutputs                           1 calls
        1 ms  PreBuildEvent                              1 calls
        1 ms  GetCopyToOutputDirectoryItems              1 calls
        1 ms  MakeDirsForLink                            1 calls
        1 ms  GetResolvedWinMD                           1 calls
        1 ms  CreateSatelliteAssemblies                  1 calls
        1 ms  GetFrameworkPaths                          1 calls
        1 ms  WarnCompileDuplicatedFilename              1 calls
        1 ms  SetBuildDefaultEnvironmentVariables        1 calls
        1 ms  ResolveProjectReferences                   1 calls
        1 ms  AfterBuildGenerateSources                  1 calls
        1 ms  CopyFilesToOutputDirectory                 1 calls
        1 ms  DoLinkOutputFilesMatch                     1 calls
        1 ms  _PrepareForBuild                           1 calls
        1 ms  SplitResourcesByCulture                    1 calls
        1 ms  AssignProjectConfiguration                 1 calls
        1 ms  RegisterOutput                             1 calls
        1 ms  GetInstalledSDKLocations                   1 calls
        3 ms  InitializeBuildStatus                      1 calls
        5 ms  PrepareForBuild                            1 calls
        5 ms  _CheckForInvalidConfigurationAndPlatform   1 calls
        6 ms  SetCABuildNativeEnvironmentVariables       1 calls
      410 ms  Link                                       1 calls
     1151 ms  ClCompile                                  1 calls
